This is pdfTeX, Version 3.141592653-2.6-1.40.22 (TeX Live 2022/dev/Debian) (preloaded format=pdflatex 2024.5.3)  25 MAY 2024 11:28
entering extended mode
 restricted \write18 enabled.
 %&-line parsing enabled.
**GuideInst.tex
(./GuideInst.tex
LaTeX2e <2021-11-15> patch level 1
L3 programming layer <2022-01-21>
(/usr/share/texlive/texmf-dist/tex/latex/base/article.cls
Document Class: article 2021/10/04 v1.4n Standard LaTeX document class
(/usr/share/texlive/texmf-dist/tex/latex/base/size11.clo
File: size11.clo 2021/10/04 v1.4n Standard LaTeX file (size option)
)
\c@part=\count185
\c@section=\count186
\c@subsection=\count187
\c@subsubsection=\count188
\c@paragraph=\count189
\c@subparagraph=\count190
\c@figure=\count191
\c@table=\count192
\abovecaptionskip=\skip47
\belowcaptionskip=\skip48
\bibindent=\dimen138
)
(/usr/share/texlive/texmf-dist/tex/latex/base/inputenc.sty
Package: inputenc 2021/02/14 v1.3d Input encoding file
\inpenc@prehook=\toks16
\inpenc@posthook=\toks17
)
(/usr/share/texlive/texmf-dist/tex/latex/base/fontenc.sty
Package: fontenc 2021/04/29 v2.0v Standard LaTeX package
)
(/usr/share/texlive/texmf-dist/tex/generic/babel/babel.sty
Package: babel 2022/01/26 3.70 The Babel package
\babel@savecnt=\count193
\U@D=\dimen139
\l@unhyphenated=\language5

(/usr/share/texlive/texmf-dist/tex/generic/babel/txtbabel.def)
\bbl@readstream=\read2
\bbl@dirlevel=\count194
Package babel Info: You haven't specified a language. I'll use 'nil'
(babel)             as the main language. Reported on input line 4299.

(/usr/share/texlive/texmf-dist/tex/generic/babel/nil.ldf
Language: nil 2022/01/26 3.70 Nil language
\l@nil=\language6
))
(/usr/share/texlive/texmf-dist/tex/latex/graphics/graphicx.sty
Package: graphicx 2021/09/16 v1.2d Enhanced LaTeX Graphics (DPC,SPQR)

(/usr/share/texlive/texmf-dist/tex/latex/graphics/keyval.sty
Package: keyval 2014/10/28 v1.15 key=value parser (DPC)
\KV@toks@=\toks18
)
(/usr/share/texlive/texmf-dist/tex/latex/graphics/graphics.sty
Package: graphics 2021/03/04 v1.4d Standard LaTeX Graphics (DPC,SPQR)

(/usr/share/texlive/texmf-dist/tex/latex/graphics/trig.sty
Package: trig 2021/08/11 v1.11 sin cos tan (DPC)
)
(/usr/share/texlive/texmf-dist/tex/latex/graphics-cfg/graphics.cfg
File: graphics.cfg 2016/06/04 v1.11 sample graphics configuration
)
Package graphics Info: Driver file: pdftex.def on input line 107.

(/usr/share/texlive/texmf-dist/tex/latex/graphics-def/pdftex.def
File: pdftex.def 2020/10/05 v1.2a Graphics/color driver for pdftex
))
\Gin@req@height=\dimen140
\Gin@req@width=\dimen141
)
(/usr/share/texlive/texmf-dist/tex/latex/xcolor/xcolor.sty
Package: xcolor 2021/10/31 v2.13 LaTeX color extensions (UK)

(/usr/share/texlive/texmf-dist/tex/latex/graphics-cfg/color.cfg
File: color.cfg 2016/01/02 v1.6 sample color configuration
)
Package xcolor Info: Driver file: pdftex.def on input line 227.
Package xcolor Info: Model `cmy' substituted by `cmy0' on input line 1352.
Package xcolor Info: Model `hsb' substituted by `rgb' on input line 1356.
Package xcolor Info: Model `RGB' extended on input line 1368.
Package xcolor Info: Model `HTML' substituted by `rgb' on input line 1370.
Package xcolor Info: Model `Hsb' substituted by `hsb' on input line 1371.
Package xcolor Info: Model `tHsb' substituted by `hsb' on input line 1372.
Package xcolor Info: Model `HSB' substituted by `hsb' on input line 1373.
Package xcolor Info: Model `Gray' substituted by `gray' on input line 1374.
Package xcolor Info: Model `wave' substituted by `hsb' on input line 1375.
)
(/usr/share/texlive/texmf-dist/tex/latex/listings/listings.sty
\lst@mode=\count195
\lst@gtempboxa=\box50
\lst@token=\toks19
\lst@length=\count196
\lst@currlwidth=\dimen142
\lst@column=\count197
\lst@pos=\count198
\lst@lostspace=\dimen143
\lst@width=\dimen144
\lst@newlines=\count199
\lst@lineno=\count266
\lst@maxwidth=\dimen145

(/usr/share/texlive/texmf-dist/tex/latex/listings/lstmisc.sty
File: lstmisc.sty 2020/03/24 1.8d (Carsten Heinz)
\c@lstnumber=\count267
\lst@skipnumbers=\count268
\lst@framebox=\box51
)
(/usr/share/texlive/texmf-dist/tex/latex/listings/listings.cfg
File: listings.cfg 2020/03/24 1.8d listings configuration
))
Package: listings 2020/03/24 1.8d (Carsten Heinz)

(/usr/share/texlive/texmf-dist/tex/latex/hyperref/hyperref.sty
Package: hyperref 2021-06-07 v7.00m Hypertext links for LaTeX

(/usr/share/texlive/texmf-dist/tex/generic/ltxcmds/ltxcmds.sty
Package: ltxcmds 2020-05-10 v1.25 LaTeX kernel commands for general use (HO)
)
(/usr/share/texlive/texmf-dist/tex/generic/iftex/iftex.sty
Package: iftex 2020/03/06 v1.0d TeX engine tests
)
(/usr/share/texlive/texmf-dist/tex/generic/pdftexcmds/pdftexcmds.sty
Package: pdftexcmds 2020-06-27 v0.33 Utility functions of pdfTeX for LuaTeX (HO
)

(/usr/share/texlive/texmf-dist/tex/generic/infwarerr/infwarerr.sty
Package: infwarerr 2019/12/03 v1.5 Providing info/warning/error messages (HO)
)
Package pdftexcmds Info: \pdf@primitive is available.
Package pdftexcmds Info: \pdf@ifprimitive is available.
Package pdftexcmds Info: \pdfdraftmode found.
)
(/usr/share/texlive/texmf-dist/tex/generic/kvsetkeys/kvsetkeys.sty
Package: kvsetkeys 2019/12/15 v1.18 Key value parser (HO)
)
(/usr/share/texlive/texmf-dist/tex/generic/kvdefinekeys/kvdefinekeys.sty
Package: kvdefinekeys 2019-12-19 v1.6 Define keys (HO)
)
(/usr/share/texlive/texmf-dist/tex/generic/pdfescape/pdfescape.sty
Package: pdfescape 2019/12/09 v1.15 Implements pdfTeX's escape features (HO)
)
(/usr/share/texlive/texmf-dist/tex/latex/hycolor/hycolor.sty
Package: hycolor 2020-01-27 v1.10 Color options for hyperref/bookmark (HO)
)
(/usr/share/texlive/texmf-dist/tex/latex/letltxmacro/letltxmacro.sty
Package: letltxmacro 2019/12/03 v1.6 Let assignment for LaTeX macros (HO)
)
(/usr/share/texlive/texmf-dist/tex/latex/auxhook/auxhook.sty
Package: auxhook 2019-12-17 v1.6 Hooks for auxiliary files (HO)
)
(/usr/share/texlive/texmf-dist/tex/latex/kvoptions/kvoptions.sty
Package: kvoptions 2020-10-07 v3.14 Key value format for package options (HO)
)
\@linkdim=\dimen146
\Hy@linkcounter=\count269
\Hy@pagecounter=\count270

(/usr/share/texlive/texmf-dist/tex/latex/hyperref/pd1enc.def
File: pd1enc.def 2021-06-07 v7.00m Hyperref: PDFDocEncoding definition (HO)
Now handling font encoding PD1 ...
... no UTF-8 mapping file for font encoding PD1
)
(/usr/share/texlive/texmf-dist/tex/latex/hyperref/hyperref-langpatches.def
File: hyperref-langpatches.def 2021-06-07 v7.00m Hyperref: patches for babel la
nguages
)
(/usr/share/texlive/texmf-dist/tex/generic/intcalc/intcalc.sty
Package: intcalc 2019/12/15 v1.3 Expandable calculations with integers (HO)
)
(/usr/share/texlive/texmf-dist/tex/generic/etexcmds/etexcmds.sty
Package: etexcmds 2019/12/15 v1.7 Avoid name clashes with e-TeX commands (HO)
)
\Hy@SavedSpaceFactor=\count271

(/usr/share/texlive/texmf-dist/tex/latex/hyperref/puenc.def
File: puenc.def 2021-06-07 v7.00m Hyperref: PDF Unicode definition (HO)
Now handling font encoding PU ...
... no UTF-8 mapping file for font encoding PU
)
Package hyperref Info: Option `colorlinks' set `true' on input line 4073.
Package hyperref Info: Hyper figures OFF on input line 4192.
Package hyperref Info: Link nesting OFF on input line 4197.
Package hyperref Info: Hyper index ON on input line 4200.
Package hyperref Info: Plain pages OFF on input line 4207.
Package hyperref Info: Backreferencing OFF on input line 4212.
Package hyperref Info: Implicit mode ON; LaTeX internals redefined.
Package hyperref Info: Bookmarks ON on input line 4445.
\c@Hy@tempcnt=\count272

(/usr/share/texlive/texmf-dist/tex/latex/url/url.sty
\Urlmuskip=\muskip16
Package: url 2013/09/16  ver 3.4  Verb mode for urls, etc.
)
LaTeX Info: Redefining \url on input line 4804.
\XeTeXLinkMargin=\dimen147

(/usr/share/texlive/texmf-dist/tex/generic/bitset/bitset.sty
Package: bitset 2019/12/09 v1.3 Handle bit-vector datatype (HO)

(/usr/share/texlive/texmf-dist/tex/generic/bigintcalc/bigintcalc.sty
Package: bigintcalc 2019/12/15 v1.5 Expandable calculations on big integers (HO
)
))
\Fld@menulength=\count273
\Field@Width=\dimen148
\Fld@charsize=\dimen149
Package hyperref Info: Hyper figures OFF on input line 6076.
Package hyperref Info: Link nesting OFF on input line 6081.
Package hyperref Info: Hyper index ON on input line 6084.
Package hyperref Info: backreferencing OFF on input line 6091.
Package hyperref Info: Link coloring ON on input line 6094.
Package hyperref Info: Link coloring with OCG OFF on input line 6101.
Package hyperref Info: PDF/A mode OFF on input line 6106.
LaTeX Info: Redefining \ref on input line 6146.
LaTeX Info: Redefining \pageref on input line 6150.

(/usr/share/texlive/texmf-dist/tex/latex/base/atbegshi-ltx.sty
Package: atbegshi-ltx 2021/01/10 v1.0c Emulation of the original atbegshi
package with kernel methods
)
\Hy@abspage=\count274
\c@Item=\count275
\c@Hfootnote=\count276
)
Package hyperref Info: Driver (autodetected): hpdftex.

(/usr/share/texlive/texmf-dist/tex/latex/hyperref/hpdftex.def
File: hpdftex.def 2021-06-07 v7.00m Hyperref driver for pdfTeX

(/usr/share/texlive/texmf-dist/tex/latex/base/atveryend-ltx.sty
Package: atveryend-ltx 2020/08/19 v1.0a Emulation of the original atveryend pac
kage
with kernel methods
)
\Fld@listcount=\count277
\c@bookmark@seq@number=\count278

(/usr/share/texlive/texmf-dist/tex/latex/rerunfilecheck/rerunfilecheck.sty
Package: rerunfilecheck 2019/12/05 v1.9 Rerun checks for auxiliary files (HO)

(/usr/share/texlive/texmf-dist/tex/generic/uniquecounter/uniquecounter.sty
Package: uniquecounter 2019/12/15 v1.4 Provide unlimited unique counter (HO)
)
Package uniquecounter Info: New unique counter `rerunfilecheck' on input line 2
86.
)
\Hy@SectionHShift=\skip49
)
(/usr/share/texlive/texmf-dist/tex/latex/l3backend/l3backend-pdftex.def
File: l3backend-pdftex.def 2022-01-12 L3 backend support: PDF output (pdfTeX)
\l__color_backend_stack_int=\count279
\l__pdf_internal_box=\box52
)
(./GuideInst.aux)
\openout1 = `GuideInst.aux'.

LaTeX Font Info:    Checking defaults for OML/cmm/m/it on input line 26.
LaTeX Font Info:    ... okay on input line 26.
LaTeX Font Info:    Checking defaults for OMS/cmsy/m/n on input line 26.
LaTeX Font Info:    ... okay on input line 26.
LaTeX Font Info:    Checking defaults for OT1/cmr/m/n on input line 26.
LaTeX Font Info:    ... okay on input line 26.
LaTeX Font Info:    Checking defaults for T1/cmr/m/n on input line 26.
LaTeX Font Info:    ... okay on input line 26.
LaTeX Font Info:    Checking defaults for TS1/cmr/m/n on input line 26.
LaTeX Font Info:    ... okay on input line 26.
LaTeX Font Info:    Checking defaults for OMX/cmex/m/n on input line 26.
LaTeX Font Info:    ... okay on input line 26.
LaTeX Font Info:    Checking defaults for U/cmr/m/n on input line 26.
LaTeX Font Info:    ... okay on input line 26.
LaTeX Font Info:    Checking defaults for PD1/pdf/m/n on input line 26.
LaTeX Font Info:    ... okay on input line 26.
LaTeX Font Info:    Checking defaults for PU/pdf/m/n on input line 26.
LaTeX Font Info:    ... okay on input line 26.

(/usr/share/texlive/texmf-dist/tex/context/base/mkii/supp-pdf.mkii
[Loading MPS to PDF converter (version 2006.09.02).]
\scratchcounter=\count280
\scratchdimen=\dimen150
\scratchbox=\box53
\nofMPsegments=\count281
\nofMParguments=\count282
\everyMPshowfont=\toks20
\MPscratchCnt=\count283
\MPscratchDim=\dimen151
\MPnumerator=\count284
\makeMPintoPDFobject=\count285
\everyMPtoPDFconversion=\toks21
) (/usr/share/texlive/texmf-dist/tex/latex/epstopdf-pkg/epstopdf-base.sty
Package: epstopdf-base 2020-01-24 v2.11 Base part for package epstopdf
Package epstopdf-base Info: Redefining graphics rule for `.eps' on input line 4
85.

(/usr/share/texlive/texmf-dist/tex/latex/latexconfig/epstopdf-sys.cfg
File: epstopdf-sys.cfg 2010/07/13 v1.3 Configuration of (r)epstopdf for TeX Liv
e
))
\c@lstlisting=\count286
Package hyperref Info: Link coloring ON on input line 26.

(/usr/share/texlive/texmf-dist/tex/latex/hyperref/nameref.sty
Package: nameref 2021-04-02 v2.47 Cross-referencing by name of section

(/usr/share/texlive/texmf-dist/tex/latex/refcount/refcount.sty
Package: refcount 2019/12/15 v3.6 Data extraction from label references (HO)
)
(/usr/share/texlive/texmf-dist/tex/generic/gettitlestring/gettitlestring.sty
Package: gettitlestring 2019/12/15 v1.6 Cleanup title references (HO)
)
\c@section@level=\count287
)
LaTeX Info: Redefining \ref on input line 26.
LaTeX Info: Redefining \pageref on input line 26.
LaTeX Info: Redefining \nameref on input line 26.

(./GuideInst.out) (./GuideInst.out)
\@outlinefile=\write3
\openout3 = `GuideInst.out'.

LaTeX Font Info:    External font `cmex10' loaded for size
(Font)              <12> on input line 29.
LaTeX Font Info:    External font `cmex10' loaded for size
(Font)              <8> on input line 29.
LaTeX Font Info:    External font `cmex10' loaded for size
(Font)              <6> on input line 29.
 [1

{/var/lib/texmf/fonts/map/pdftex/updmap/pdftex.map}] (./GuideInst.toc
LaTeX Font Info:    External font `cmex10' loaded for size
(Font)              <10.95> on input line 3.
)
\tf@toc=\write4
\openout4 = `GuideInst.toc'.

 [2]
Overfull \hbox (3.27792pt too wide) in paragraph at lines 40--44
\T1/cmr/m/n/10.95 permettre à des lycéens de découvrir des propriétés inhérente
s à l'informatique
 []


Underfull \hbox (badness 10000) in paragraph at lines 40--44

 []

LaTeX Font Info:    External font `cmex10' loaded for size
(Font)              <9> on input line 45.
LaTeX Font Info:    External font `cmex10' loaded for size
(Font)              <5> on input line 45.
[3]
Overfull \hbox (9.37125pt too wide) in paragraph at lines 77--78
[]\T1/cmr/m/n/10.95 Deux écrans LCD tactiles 4D SYSTEMS Gen4-uLCD-43DT de résol
ution
 []

[4]
Underfull \hbox (badness 10000) in paragraph at lines 90--97

 []


Underfull \hbox (badness 10000) in paragraph at lines 90--97

 []

(/usr/share/texlive/texmf-dist/tex/latex/listings/lstlang1.sty
File: lstlang1.sty 2020/03/24 1.8d listings language file
)
(/usr/share/texlive/texmf-dist/tex/latex/listings/lstlang1.sty
File: lstlang1.sty 2020/03/24 1.8d listings language file
)
LaTeX Font Info:    Trying to load font information for T1+cmtt on input line 1
16.

(/usr/share/texlive/texmf-dist/tex/latex/base/t1cmtt.fd
File: t1cmtt.fd 2019/12/16 v2.5j Standard LaTeX font definitions
) [5]
Overfull \hbox (6.78775pt too wide) in paragraph at lines 130--131
[]\T1/cmr/m/n/10.95 Il va ensuite installer python et toutes ses dépendances, a
insi que supprimer
 []


Underfull \hbox (badness 10000) in paragraph at lines 132--136

 []


Overfull \hbox (9.41945pt too wide) in paragraph at lines 132--136
\T1/cmr/bx/n/10.95 Attention : Si vous êtes connecté en SSH par Wi-Fi sur la Ra
spBerry,
 []


Overfull \hbox (6.24918pt too wide) in paragraph at lines 132--136
\T1/cmr/bx/n/10.95 plus dans le réseau. Pour continuer, connectez vous tout sim
plement
 []


Overfull \hbox (26.68568pt too wide) in paragraph at lines 139--140
\T1/cmr/m/n/10.95 répertoire contenant les fichiers mermingame.py et controller
.py et optionnellement
 []

[6]
Underfull \hbox (badness 10000) in paragraph at lines 149--153

 []

[7]
<Arduinomonte.jpg, id=172, 4015.0pt x 2791.42876pt>
File: Arduinomonte.jpg Graphic file (type jpg)
<use Arduinomonte.jpg>
Package pdftex.def Info: Arduinomonte.jpg  used on input line 173.
(pdftex.def)             Requested size: 360.0pt x 250.28069pt.

Overfull \hbox (17.0pt too wide) in paragraph at lines 173--174
[][] 
 []


Overfull \hbox (9.60814pt too wide) in paragraph at lines 175--176
\T1/cmr/m/n/10.95 Une fois cela fait, branchez le câble USB-C et USB-A à l'Ardu
ino et l'ordinateur
 []

<OuvrirArduino.png, id=173, 208.78pt x 33.12375pt>
File: OuvrirArduino.png Graphic file (type png)
<use OuvrirArduino.png>
Package pdftex.def Info: OuvrirArduino.png  used on input line 185.
(pdftex.def)             Requested size: 360.0pt x 57.12334pt.

Overfull \hbox (17.0pt too wide) in paragraph at lines 185--186
[][] 
 []

<TeleverserArduino.png, id=175, 396.48125pt x 34.1275pt>
File: TeleverserArduino.png Graphic file (type png)
<use TeleverserArduino.png>
Package pdftex.def Info: TeleverserArduino.png  used on input line 189.
(pdftex.def)             Requested size: 360.0pt x 30.98782pt.

Overfull \hbox (17.0pt too wide) in paragraph at lines 189--190
[][] 
 []

[8 <./Arduinomonte.jpg> <./OuvrirArduino.png> <./TeleverserArduino.png>]
Overfull \hbox (0.48405pt too wide) in paragraph at lines 201--202
[]\T1/cmr/m/n/10.95 Le but de l'écran est, d'afficher les mesures, d'afficher l
a grille des mesures,
 []

[9]
Overfull \hbox (8.95552pt too wide) in paragraph at lines 240--241
[]\T1/cmr/m/n/10.95 Pour la seconde partie du formatage, vous devez ouvrir l'ID
E 4D SYSTEMS
 []

[10]
Overfull \hbox (16.66248pt too wide) in paragraph at lines 245--247
[]\T1/cmr/m/n/10.95 Soit vous ouvrez directement l'un des fichiers Alice.4DGeni
e ou bob.4DGenie,
 []


Underfull \hbox (badness 10000) in paragraph at lines 245--247

 []

<Format1.png, id=198, 798.73407pt x 569.87906pt>
File: Format1.png Graphic file (type png)
<use Format1.png>
Package pdftex.def Info: Format1.png  used on input line 248.
(pdftex.def)             Requested size: 360.0pt x 256.8519pt.
<Format2.png, id=199, 785.18344pt x 545.03625pt>
File: Format2.png Graphic file (type png)
<use Format2.png>
Package pdftex.def Info: Format2.png  used on input line 249.
(pdftex.def)             Requested size: 360.0pt x 249.89638pt.
<Format3.png, id=200, 671.50874pt x 462.22687pt>
File: Format3.png Graphic file (type png)
<use Format3.png>
Package pdftex.def Info: Format3.png  used on input line 250.
(pdftex.def)             Requested size: 360.0pt x 247.80028pt.
<Format4.png, id=201, 675.27281pt x 469.00218pt>
File: Format4.png Graphic file (type png)
<use Format4.png>
Package pdftex.def Info: Format4.png  used on input line 251.
(pdftex.def)             Requested size: 360.0pt x 250.03703pt.

Overfull \hbox (17.0pt too wide) in paragraph at lines 248--252
[][]
 []

[11 <./Format1.png>] [12 <./Format2.png> <./Format3.png>] [13 <./Format4.png>]
<Format5.png, id=215, 572.1375pt x 79.04532pt>
File: Format5.png Graphic file (type png)
<use Format5.png>
Package pdftex.def Info: Format5.png  used on input line 256.
(pdftex.def)             Requested size: 360.0pt x 49.73727pt.

Overfull \hbox (17.0pt too wide) in paragraph at lines 256--258
[][] 
 []


Underfull \hbox (badness 10000) in paragraph at lines 256--258

 []

<Format6.png, id=216, 469.00218pt x 340.27126pt>
File: Format6.png Graphic file (type png)
<use Format6.png>
Package pdftex.def Info: Format6.png  used on input line 261.
(pdftex.def)             Requested size: 360.0pt x 261.18413pt.

Overfull \hbox (17.0pt too wide) in paragraph at lines 261--262
[][] 
 []

<Format7.png, id=217, 469.00218pt x 343.2825pt>
File: Format7.png Graphic file (type png)
<use Format7.png>
Package pdftex.def Info: Format7.png  used on input line 265.
(pdftex.def)             Requested size: 360.0pt x 263.49547pt.

Overfull \hbox (17.0pt too wide) in paragraph at lines 265--266
[][] 
 []

[14 <./Format5.png> <./Format6.png>]
<Format8.png, id=222, 468.24937pt x 341.02406pt>
File: Format8.png Graphic file (type png)
<use Format8.png>
Package pdftex.def Info: Format8.png  used on input line 269.
(pdftex.def)             Requested size: 360.0pt x 262.19907pt.

Overfull \hbox (17.0pt too wide) in paragraph at lines 269--270
[][] 
 []

[15 <./Format7.png>] [16 <./Format8.png>]
File: Format5.png Graphic file (type png)
<use Format5.png>
Package pdftex.def Info: Format5.png  used on input line 286.
(pdftex.def)             Requested size: 360.0pt x 49.73727pt.

Overfull \hbox (17.0pt too wide) in paragraph at lines 286--287
[][] 
 []

<Transf1.png, id=231, 897.3525pt x 94.85437pt>
File: Transf1.png Graphic file (type png)
<use Transf1.png>
Package pdftex.def Info: Transf1.png  used on input line 292.
(pdftex.def)             Requested size: 360.0pt x 38.0525pt.

Overfull \hbox (17.0pt too wide) in paragraph at lines 292--293
[][] 
 []

[17 <./Transf1.PNG>]
<Appareil.jpg, id=238, 3123.67pt x 1391.1975pt>
File: Appareil.jpg Graphic file (type jpg)
<use Appareil.jpg>
Package pdftex.def Info: Appareil.jpg  used on input line 304.
(pdftex.def)             Requested size: 360.0pt x 160.31337pt.

Overfull \hbox (17.0pt too wide) in paragraph at lines 304--305
[][] 
 []

[18 <./Appareil.jpg>] (./GuideInst.aux)
Package rerunfilecheck Info: File `GuideInst.out' has not changed.
(rerunfilecheck)             Checksum: D9CED776533145687570583E172C25A0;4490.
 ) 
Here is how much of TeX's memory you used:
 11681 strings out of 480204
 178592 string characters out of 5895011
 663651 words of memory out of 5000000
 29427 multiletter control sequences out of 15000+600000
 483210 words of font info for 57 fonts, out of 8000000 for 9000
 36 hyphenation exceptions out of 8191
 60i,8n,63p,397b,1155s stack positions out of 5000i,500n,10000p,200000b,80000s
 </home/valentin/.texlive2021/texmf-var/fonts/pk/ljfour/jknappen/ec/ecti1095.
600pk> </home/valentin/.texlive2021/texmf-var/fonts/pk/ljfour/jknappen/ec/tcbx1
095.600pk> </home/valentin/.texlive2021/texmf-var/fonts/pk/ljfour/jknappen/ec/e
ctt1095.600pk> </home/valentin/.texlive2021/texmf-var/fonts/pk/ljfour/jknappen/
ec/ecrm0900.600pk> </home/valentin/.texlive2021/texmf-var/fonts/pk/ljfour/jknap
pen/ec/ecrm0600.600pk> </home/valentin/.texlive2021/texmf-var/fonts/pk/ljfour/j
knappen/ec/ecrm0800.600pk> </home/valentin/.texlive2021/texmf-var/fonts/pk/ljfo
ur/jknappen/ec/ecbx1200.600pk> </home/valentin/.texlive2021/texmf-var/fonts/pk/
ljfour/jknappen/ec/tcrm1095.600pk> </home/valentin/.texlive2021/texmf-var/fonts
/pk/ljfour/jknappen/ec/ecbx1095.600pk> </home/valentin/.texlive2021/texmf-var/f
onts/pk/ljfour/jknappen/ec/ecbx1440.600pk> </home/valentin/.texlive2021/texmf-v
ar/fonts/pk/ljfour/jknappen/ec/ecrm1095.600pk> </home/valentin/.texlive2021/tex
mf-var/fonts/pk/ljfour/jknappen/ec/ecrm1200.600pk> </home/valentin/.texlive2021
/texmf-var/fonts/pk/ljfour/jknappen/ec/ecrm1728.600pk>
Output written on GuideInst.pdf (18 pages, 8829302 bytes).
PDF statistics:
 644 PDF objects out of 1000 (max. 8388607)
 262 compressed objects within 3 object streams
 55 named destinations out of 1000 (max. 500000)
 250 words of extra memory for PDF output out of 10000 (max. 10000000)

