\BOOKMARK [1][-]{section.1}{\376\377\000P\000r\000\351\000s\000e\000n\000t\000a\000t\000i\000o\000n\000\040\000d\000e\000\040\000l\000'\000a\000p\000p\000a\000r\000e\000i\000l}{}% 1
\BOOKMARK [2][-]{subsection.1.1}{\376\377\000I\000n\000t\000r\000o\000d\000u\000c\000t\000i\000o\000n}{section.1}% 2
\BOOKMARK [2][-]{subsection.1.2}{\376\377\000D\000e\000s\000c\000r\000i\000p\000t\000i\000o\000n\000\040\000d\000e\000\040\000l\000'\000a\000p\000p\000a\000r\000e\000i\000l}{section.1}% 3
\BOOKMARK [2][-]{subsection.1.3}{\376\377\000L\000i\000s\000t\000e\000\040\000d\000u\000\040\000m\000a\000t\000\351\000r\000i\000e\000l\000\040\000p\000o\000u\000r\000\040\000l\000a\000\040\000c\000o\000n\000c\000e\000p\000t\000i\000o\000n}{section.1}% 4
\BOOKMARK [1][-]{section.2}{\376\377\000L\000'\000u\000n\000i\000t\000\351\000\040\000d\000e\000\040\000c\000o\000n\000t\000r\000\364\000l\000e\000\040\000e\000t\000\040\000d\000e\000\040\000c\000a\000l\000c\000u\000l}{}% 5
\BOOKMARK [2][-]{subsection.2.1}{\376\377\000P\000r\000\351\000s\000e\000n\000t\000a\000t\000i\000o\000n\000\040\000d\000e\000\040\000l\000a\000\040\000t\000\342\000c\000h\000e}{section.2}% 6
\BOOKMARK [2][-]{subsection.2.2}{\376\377\000M\000i\000s\000e\000\040\000e\000n\000\040\000p\000l\000a\000c\000e}{section.2}% 7
\BOOKMARK [3][-]{subsubsection.2.2.1}{\376\377\000M\000a\000t\000\351\000r\000i\000e\000l\000\040\000n\000\351\000c\000e\000s\000s\000a\000i\000r\000e}{subsection.2.2}% 8
\BOOKMARK [3][-]{subsubsection.2.2.2}{\376\377\000I\000n\000i\000t\000i\000a\000l\000i\000s\000a\000t\000i\000o\000n\000\040\000d\000e\000\040\000l\000a\000\040\000R\000a\000s\000p\000B\000e\000r\000r\000y}{subsection.2.2}% 9
\BOOKMARK [3][-]{subsubsection.2.2.3}{\376\377\000I\000n\000s\000t\000a\000l\000l\000a\000t\000i\000o\000n\000\040\000d\000u\000\040\000H\000o\000t\000s\000p\000o\000t\000\040\000e\000t\000\040\000d\000\351\000p\000e\000n\000d\000a\000n\000c\000e\000s}{subsection.2.2}% 10
\BOOKMARK [3][-]{subsubsection.2.2.4}{\376\377\000P\000r\000\351\000p\000a\000r\000a\000t\000i\000o\000n\000\040\000d\000u\000\040\000p\000r\000o\000g\000r\000a\000m\000m\000e\000\040\000p\000r\000i\000n\000c\000i\000p\000a\000l}{subsection.2.2}% 11
\BOOKMARK [1][-]{section.3}{\376\377\000L\000a\000\040\000c\000a\000r\000t\000e\000\040\000d\000e\000\040\000c\000o\000n\000t\000r\000\364\000l\000e\000\040\000d\000e\000\040\000l\000'\000i\000n\000t\000e\000r\000f\000a\000c\000e}{}% 12
\BOOKMARK [2][-]{subsection.3.1}{\376\377\000P\000r\000\351\000s\000e\000n\000t\000a\000t\000i\000o\000n\000\040\000d\000e\000\040\000l\000a\000\040\000t\000\342\000c\000h\000e}{section.3}% 13
\BOOKMARK [2][-]{subsection.3.2}{\376\377\000M\000i\000s\000e\000\040\000e\000n\000\040\000p\000l\000a\000c\000e}{section.3}% 14
\BOOKMARK [3][-]{subsubsection.3.2.1}{\376\377\000M\000a\000t\000\351\000r\000i\000e\000l\000\040\000n\000\351\000c\000e\000s\000s\000a\000i\000r\000e}{subsection.3.2}% 15
\BOOKMARK [3][-]{subsubsection.3.2.2}{\376\377\000M\000o\000n\000t\000a\000g\000e\000\040\000d\000e\000\040\000l\000'\000a\000p\000p\000a\000r\000e\000i\000l}{subsection.3.2}% 16
\BOOKMARK [1][-]{section.4}{\376\377\000L\000'\000\351\000c\000r\000a\000n\000\040\000d\000e\000\040\000l\000'\000i\000n\000t\000e\000r\000f\000a\000c\000e}{}% 17
\BOOKMARK [2][-]{subsection.4.1}{\376\377\000P\000r\000\351\000s\000e\000n\000t\000a\000t\000i\000o\000n\000\040\000d\000e\000\040\000l\000a\000\040\000t\000\342\000c\000h\000e}{section.4}% 18
\BOOKMARK [2][-]{subsection.4.2}{\376\377\000M\000o\000n\000t\000a\000g\000e\000\040\000d\000e\000\040\000l\000'\000a\000p\000p\000a\000r\000e\000i\000l}{section.4}% 19
\BOOKMARK [3][-]{subsubsection.4.2.1}{\376\377\000M\000a\000t\000\351\000r\000i\000e\000l\000\040\000n\000\351\000c\000e\000s\000s\000a\000i\000r\000e}{subsection.4.2}% 20
\BOOKMARK [3][-]{subsubsection.4.2.2}{\376\377\000P\000r\000\351\000p\000a\000r\000a\000t\000i\000o\000n\000\040\000d\000e\000\040\000l\000a\000\040\000c\000a\000r\000t\000e\000\040\000\265\000S\000D}{subsection.4.2}% 21
\BOOKMARK [3][-]{subsubsection.4.2.3}{\376\377\000M\000i\000s\000e\000\040\000e\000n\000\040\000p\000l\000a\000c\000e\000\040\000d\000u\000\040\000c\000o\000d\000e\000\040\000d\000'\000a\000f\000f\000i\000c\000h\000a\000g\000e}{subsection.4.2}% 22
\BOOKMARK [1][-]{section.5}{\376\377\000A\000s\000s\000e\000m\000b\000l\000a\000g\000e\000\040\000f\000i\000n\000a\000l\000\040\000d\000e\000\040\000l\000'\000i\000n\000t\000e\000r\000f\000a\000c\000e}{}% 23
